[10-Dec-2018 21:39:07 UTC] PHP Notice:  Undefined variable: place_name in /home/fffbdcom/public_html/travelstock/main_page2.php on line 94
[10-Dec-2018 21:43:38 UTC] PHP Notice:  Undefined variable: place_name in /home/fffbdcom/public_html/travelstock/main_page2.php on line 94
[11-Dec-2018 06:44:14 UTC] PHP Fatal error:  Allowed memory size of 134217728 bytes exhausted (tried to allocate 133693440 bytes) in /home/fffbdcom/public_html/travelstock/main_page2.php on line 172
[11-Dec-2018 07:06:04 UTC] PHP Fatal error:  Allowed memory size of 134217728 bytes exhausted (tried to allocate 133693440 bytes) in /home/fffbdcom/public_html/travelstock/main_page2.php on line 197
[11-Dec-2018 07:44:01 UTC] PHP Fatal error:  Allowed memory size of 134217728 bytes exhausted (tried to allocate 133693440 bytes) in /home/fffbdcom/public_html/travelstock/main_page2.php on line 172
[11-Dec-2018 07:45:13 UTC] PHP Fatal error:  Allowed memory size of 134217728 bytes exhausted (tried to allocate 133693440 bytes) in /home/fffbdcom/public_html/travelstock/main_page2.php on line 197
[11-Dec-2018 07:53:48 UTC] PHP Fatal error:  Allowed memory size of 134217728 bytes exhausted (tried to allocate 133693440 bytes) in /home/fffbdcom/public_html/travelstock/main_page2.php on line 197
[11-Dec-2018 07:56:26 UTC] PHP Fatal error:  Allowed memory size of 134217728 bytes exhausted (tried to allocate 133693440 bytes) in /home/fffbdcom/public_html/travelstock/main_page2.php on line 197
[11-Dec-2018 12:48:15 UTC] PHP Fatal error:  Allowed memory size of 134217728 bytes exhausted (tried to allocate 133693440 bytes) in /home/fffbdcom/public_html/travelstock/main_page2.php on line 150
[11-Dec-2018 12:52:55 UTC] PHP Fatal error:  Allowed memory size of 134217728 bytes exhausted (tried to allocate 133693440 bytes) in /home/fffbdcom/public_html/travelstock/main_page2.php on line 183
[11-Dec-2018 13:34:17 UTC] PHP Notice:  Undefined variable: place_name in /home/fffbdcom/public_html/travelstock/main_page2.php on line 99
[11-Dec-2018 13:34:53 UTC] PHP Notice:  Undefined variable: place_name in /home/fffbdcom/public_html/travelstock/main_page2.php on line 99
[11-Dec-2018 13:35:00 UTC] PHP Notice:  Undefined variable: place_name in /home/fffbdcom/public_html/travelstock/main_page2.php on line 99
[11-Dec-2018 13:35:02 UTC] PHP Notice:  Undefined variable: place_name in /home/fffbdcom/public_html/travelstock/main_page2.php on line 99
[11-Dec-2018 13:37:08 UTC] PHP Notice:  Undefined variable: place_name in /home/fffbdcom/public_html/travelstock/main_page2.php on line 99
[11-Dec-2018 13:37:20 UTC] PHP Notice:  Undefined variable: place_name in /home/fffbdcom/public_html/travelstock/main_page2.php on line 99
[11-Dec-2018 13:37:23 UTC] PHP Notice:  Undefined variable: place_name in /home/fffbdcom/public_html/travelstock/main_page2.php on line 99
[11-Dec-2018 13:37:30 UTC] PHP Notice:  Undefined variable: place_name in /home/fffbdcom/public_html/travelstock/main_page2.php on line 99
[11-Dec-2018 13:37:59 UTC] PHP Notice:  Undefined variable: place_name in /home/fffbdcom/public_html/travelstock/main_page2.php on line 99
[11-Dec-2018 15:20:30 UTC] PHP Notice:  Undefined variable: place_name in /home/fffbdcom/public_html/travelstock/main_page2.php on line 99
[11-Dec-2018 15:31:51 UTC] PHP Notice:  Undefined index: id in /home/fffbdcom/public_html/travelstock/place.php on line 8
[11-Dec-2018 15:31:51 UTC] PHP Notice:  Undefined index: id in /home/fffbdcom/public_html/travelstock/place.php on line 8
[11-Dec-2018 15:32:01 UTC] PHP Notice:  Undefined index: id in /home/fffbdcom/public_html/travelstock/place.php on line 8
[11-Dec-2018 15:32:01 UTC] PHP Notice:  Undefined index: id in /home/fffbdcom/public_html/travelstock/place.php on line 8
[11-Dec-2018 15:34:29 UTC] PHP Notice:  Undefined index: id in /home/fffbdcom/public_html/travelstock/place.php on line 8
[11-Dec-2018 15:34:29 UTC] PHP Notice:  Undefined index: id in /home/fffbdcom/public_html/travelstock/place.php on line 8
[11-Dec-2018 16:18:35 UTC] PHP Notice:  Undefined index: place_catagory in /home/fffbdcom/public_html/travelstock/index.php on line 246
[11-Dec-2018 16:18:35 UTC] PHP Notice:  Undefined index: place_catagory in /home/fffbdcom/public_html/travelstock/index.php on line 246
[11-Dec-2018 16:18:35 UTC] PHP Notice:  Undefined index: place_catagory in /home/fffbdcom/public_html/travelstock/index.php on line 246
[11-Dec-2018 16:18:35 UTC] PHP Notice:  Undefined index: place_catagory in /home/fffbdcom/public_html/travelstock/index.php on line 246
[11-Dec-2018 16:18:35 UTC] PHP Notice:  Undefined index: place_catagory in /home/fffbdcom/public_html/travelstock/index.php on line 246
[11-Dec-2018 16:18:35 UTC] PHP Notice:  Undefined index: place_catagory in /home/fffbdcom/public_html/travelstock/index.php on line 246
[11-Dec-2018 16:18:35 UTC] PHP Notice:  Undefined index: place_catagory in /home/fffbdcom/public_html/travelstock/index.php on line 246
[11-Dec-2018 16:18:35 UTC] PHP Notice:  Undefined index: place_catagory in /home/fffbdcom/public_html/travelstock/index.php on line 246
[11-Dec-2018 16:18:35 UTC] PHP Notice:  Undefined index: place_catagory in /home/fffbdcom/public_html/travelstock/index.php on line 246
[11-Dec-2018 16:18:35 UTC] PHP Notice:  Undefined index: place_catagory in /home/fffbdcom/public_html/travelstock/index.php on line 246
[11-Dec-2018 16:18:35 UTC] PHP Notice:  Undefined index: place_catagory in /home/fffbdcom/public_html/travelstock/index.php on line 246
[11-Dec-2018 16:18:35 UTC] PHP Notice:  Undefined index: place_catagory in /home/fffbdcom/public_html/travelstock/index.php on line 246
[12-Dec-2018 18:44:54 UTC] PHP Notice:  Undefined index: district in /home/fffbdcom/public_html/travelstock/main_page.php on line 9
[12-Dec-2018 18:44:54 UTC] PHP Notice:  Undefined index: view in /home/fffbdcom/public_html/travelstock/main_page.php on line 10
[13-Dec-2018 17:25:20 UTC] PHP Notice:  Undefined variable: place_name in /home/fffbdcom/public_html/travelstock/main_page.php on line 49
[13-Dec-2018 17:25:49 UTC] PHP Notice:  Undefined variable: place_name in /home/fffbdcom/public_html/travelstock/main_page.php on line 49
[13-Dec-2018 17:25:59 UTC] PHP Notice:  Undefined variable: place_name in /home/fffbdcom/public_html/travelstock/main_page.php on line 49
[13-Dec-2018 17:27:30 UTC] PHP Notice:  Undefined variable: place_name in /home/fffbdcom/public_html/travelstock/main_page.php on line 49
[13-Dec-2018 17:27:35 UTC] PHP Notice:  Undefined variable: place_name in /home/fffbdcom/public_html/travelstock/main_page.php on line 49
[13-Dec-2018 17:31:28 UTC] PHP Notice:  Undefined variable: place_name in /home/fffbdcom/public_html/travelstock/main_page.php on line 49
[13-Dec-2018 17:35:49 UTC] PHP Notice:  Undefined variable: place_name in /home/fffbdcom/public_html/travelstock/main_page.php on line 50
[13-Dec-2018 17:35:56 UTC] PHP Notice:  Undefined variable: place_name in /home/fffbdcom/public_html/travelstock/main_page.php on line 50
[13-Dec-2018 17:36:08 UTC] PHP Notice:  Undefined variable: place_name in /home/fffbdcom/public_html/travelstock/main_page.php on line 50
[13-Dec-2018 17:36:47 UTC] PHP Notice:  Undefined variable: place_name in /home/fffbdcom/public_html/travelstock/main_page.php on line 50
[15-Dec-2018 06:13:44 UTC] PHP Notice:  Undefined index: id in /home/fffbdcom/public_html/travelstock/place.php on line 8
[15-Dec-2018 06:13:46 UTC] PHP Notice:  Undefined index: id in /home/fffbdcom/public_html/travelstock/place.php on line 8
[15-Dec-2018 06:14:01 UTC] PHP Notice:  Undefined index: id in /home/fffbdcom/public_html/travelstock/place.php on line 8
[15-Dec-2018 06:14:02 UTC] PHP Notice:  Undefined index: id in /home/fffbdcom/public_html/travelstock/place.php on line 8
[15-Dec-2018 06:19:21 UTC] PHP Notice:  Undefined index: id in /home/fffbdcom/public_html/travelstock/place.php on line 8
[15-Dec-2018 06:19:23 UTC] PHP Notice:  Undefined index: id in /home/fffbdcom/public_html/travelstock/place.php on line 8
[15-Dec-2018 06:21:10 UTC] PHP Notice:  Undefined index: id in /home/fffbdcom/public_html/travelstock/place.php on line 8
[15-Dec-2018 06:21:11 UTC] PHP Notice:  Undefined index: id in /home/fffbdcom/public_html/travelstock/place.php on line 8
[08-Jan-2019 15:50:44 UTC] PHP Notice:  Undefined index: district in /home/fffbdcom/public_html/travelstock/main_page.php on line 9
[08-Jan-2019 15:50:44 UTC] PHP Notice:  Undefined index: view in /home/fffbdcom/public_html/travelstock/main_page.php on line 10
[08-Jan-2019 17:46:14 UTC] PHP Notice:  Undefined index: district in /home/fffbdcom/public_html/travelstock/main_page.php on line 9
[08-Jan-2019 17:46:14 UTC] PHP Notice:  Undefined index: view in /home/fffbdcom/public_html/travelstock/main_page.php on line 10
[29-Feb-2020 17:15:46 Europe/Berlin] PHP Notice:  Undefined index: id in E:\web documents\xamp PHP\htdocs\travelstock\place.php on line 8
[29-Feb-2020 17:15:47 Europe/Berlin] PHP Notice:  Undefined index: id in E:\web documents\xamp PHP\htdocs\travelstock\place.php on line 8
